2018-01-21 17:55:42 ERROR BuiltInServer.logErrorHeader(138) - IntelliJ IDEA 2017.3.2  Build #IC-173.4127.27
2018-01-21 17:55:42 ERROR BuiltInServer.logErrorHeader(145) - JDK: 1.8.0_152-release
2018-01-21 17:55:42 ERROR BuiltInServer.logErrorHeader(146) - VM: OpenJDK 64-Bit Server VM
2018-01-21 17:55:42 ERROR BuiltInServer.logErrorHeader(147) - Vendor: JetBrains s.r.o
2018-01-21 17:55:42 ERROR BuiltInServer.logErrorHeader(148) - OS: Windows 10
2018-01-21 17:55:43 INFO  ApacheHttpClient.sendEvent(450) - responseCode = 200
2018-01-21 17:56:04 ERROR BuiltInServer.error(130) - Удаленный хост принудительно разорвал существующее подключение
java.io.IOException: Удаленный хост принудительно разорвал существующее подключение
	at sun.nio.ch.SocketDispatcher.read0(Native Method)
	at sun.nio.ch.SocketDispatcher.read(SocketDispatcher.java:43)
	at sun.nio.ch.IOUtil.readIntoNativeBuffer(IOUtil.java:223)
	at sun.nio.ch.IOUtil.read(IOUtil.java:192)
	at sun.nio.ch.SocketChannelImpl.read(SocketChannelImpl.java:380)
	at io.netty.buffer.PooledUnsafeDirectByteBuf.setBytes(PooledUnsafeDirectByteBuf.java:288)
	at io.netty.buffer.AbstractByteBuf.writeBytes(AbstractByteBuf.java:1100)
	at io.netty.channel.socket.nio.NioSocketChannel.doReadBytes(NioSocketChannel.java:372)
	at io.netty.channel.nio.AbstractNioByteChannel$NioByteUnsafe.read(AbstractNioByteChannel.java:123)
	at io.netty.channel.nio.NioEventLoop.processSelectedKey(NioEventLoop.java:644)
	at io.netty.channel.nio.NioEventLoop.processSelectedKeysOptimized(NioEventLoop.java:579)
	at io.netty.channel.nio.NioEventLoop.processSelectedKeys(NioEventLoop.java:496)
	at io.netty.channel.nio.NioEventLoop.run(NioEventLoop.java:458)
	at io.netty.util.concurrent.SingleThreadEventExecutor$5.run(SingleThreadEventExecutor.java:858)
	at java.lang.Thread.run(Thread.java:745)
2018-01-21 17:56:04 ERROR BuiltInServer.logErrorHeader(138) - IntelliJ IDEA 2017.3.2  Build #IC-173.4127.27
2018-01-21 17:56:04 ERROR BuiltInServer.logErrorHeader(145) - JDK: 1.8.0_152-release
2018-01-21 17:56:04 ERROR BuiltInServer.logErrorHeader(146) - VM: OpenJDK 64-Bit Server VM
2018-01-21 17:56:04 ERROR BuiltInServer.logErrorHeader(147) - Vendor: JetBrains s.r.o
2018-01-21 17:56:04 ERROR BuiltInServer.logErrorHeader(148) - OS: Windows 10
2018-01-21 17:56:04 ERROR BuiltInServer.error(130) - Удаленный хост принудительно разорвал существующее подключение
java.io.IOException: Удаленный хост принудительно разорвал существующее подключение
	at sun.nio.ch.SocketDispatcher.read0(Native Method)
	at sun.nio.ch.SocketDispatcher.read(SocketDispatcher.java:43)
	at sun.nio.ch.IOUtil.readIntoNativeBuffer(IOUtil.java:223)
	at sun.nio.ch.IOUtil.read(IOUtil.java:192)
	at sun.nio.ch.SocketChannelImpl.read(SocketChannelImpl.java:380)
	at io.netty.buffer.PooledUnsafeDirectByteBuf.setBytes(PooledUnsafeDirectByteBuf.java:288)
	at io.netty.buffer.AbstractByteBuf.writeBytes(AbstractByteBuf.java:1100)
	at io.netty.channel.socket.nio.NioSocketChannel.doReadBytes(NioSocketChannel.java:372)
	at io.netty.channel.nio.AbstractNioByteChannel$NioByteUnsafe.read(AbstractNioByteChannel.java:123)
	at io.netty.channel.nio.NioEventLoop.processSelectedKey(NioEventLoop.java:644)
	at io.netty.channel.nio.NioEventLoop.processSelectedKeysOptimized(NioEventLoop.java:579)
	at io.netty.channel.nio.NioEventLoop.processSelectedKeys(NioEventLoop.java:496)
	at io.netty.channel.nio.NioEventLoop.run(NioEventLoop.java:458)
	at io.netty.util.concurrent.SingleThreadEventExecutor$5.run(SingleThreadEventExecutor.java:858)
	at java.lang.Thread.run(Thread.java:745)
2018-01-21 17:56:04 ERROR BuiltInServer.logErrorHeader(138) - IntelliJ IDEA 2017.3.2  Build #IC-173.4127.27
2018-01-21 17:56:04 ERROR BuiltInServer.logErrorHeader(145) - JDK: 1.8.0_152-release
2018-01-21 17:56:04 ERROR BuiltInServer.logErrorHeader(146) - VM: OpenJDK 64-Bit Server VM
2018-01-21 17:56:04 ERROR BuiltInServer.logErrorHeader(147) - Vendor: JetBrains s.r.o
2018-01-21 17:56:04 ERROR BuiltInServer.logErrorHeader(148) - OS: Windows 10
2018-01-21 17:56:43 INFO  ApacheHttpClient.sendEvent(450) - responseCode = 200
2018-01-21 17:57:43 INFO  ApacheHttpClient.sendEvent(450) - responseCode = 200
2018-01-21 17:58:43 INFO  ApacheHttpClient.sendEvent(450) - responseCode = 200
2018-01-21 17:59:43 INFO  ApacheHttpClient.sendEvent(450) - responseCode = 200
2018-01-21 18:00:44 INFO  ApacheHttpClient.sendEvent(450) - responseCode = 200
2018-01-21 18:01:45 INFO  ApacheHttpClient.sendEvent(450) - responseCode = 200
2018-01-21 18:02:43 INFO  ApacheHttpClient.sendEvent(450) - responseCode = 200
2018-01-21 18:03:43 INFO  ApacheHttpClient.sendEvent(450) - responseCode = 200
2018-01-21 18:04:43 INFO  ApacheHttpClient.sendEvent(450) - responseCode = 200
2018-01-21 18:05:43 INFO  ApacheHttpClient.sendEvent(450) - responseCode = 200
2018-01-21 18:06:44 INFO  ApacheHttpClient.sendEvent(450) - responseCode = 200
2018-01-21 18:07:43 INFO  ApacheHttpClient.sendEvent(450) - responseCode = 200
2018-01-21 18:08:44 INFO  ApacheHttpClient.sendEvent(450) - responseCode = 200
2018-01-21 18:09:43 INFO  ApacheHttpClient.sendEvent(450) - responseCode = 200
2018-01-21 18:10:43 INFO  ApacheHttpClient.sendEvent(450) - responseCode = 200
2018-01-21 18:11:43 INFO  ApacheHttpClient.sendEvent(450) - responseCode = 200
2018-01-21 18:12:43 INFO  ApacheHttpClient.sendEvent(450) - responseCode = 200
2018-01-21 18:13:43 INFO  ApacheHttpClient.sendEvent(450) - responseCode = 200
2018-01-21 18:14:43 INFO  ApacheHttpClient.sendEvent(450) - responseCode = 200
2018-01-21 18:15:43 INFO  ApacheHttpClient.sendEvent(450) - responseCode = 200
2018-01-21 18:16:43 INFO  ApacheHttpClient.sendEvent(450) - responseCode = 200
2018-01-21 18:17:43 INFO  ApacheHttpClient.sendEvent(450) - responseCode = 200
2018-01-21 18:18:43 INFO  ApacheHttpClient.sendEvent(450) - responseCode = 200
2018-01-21 18:19:43 INFO  ApacheHttpClient.sendEvent(450) - responseCode = 200
2018-01-21 18:20:43 INFO  ApacheHttpClient.sendEvent(450) - responseCode = 200
2018-01-21 18:21:44 INFO  ApacheHttpClient.sendEvent(450) - responseCode = 200
2018-01-21 18:22:44 INFO  ApacheHttpClient.sendEvent(450) - responseCode = 200
2018-01-21 18:23:43 INFO  ApacheHttpClient.sendEvent(450) - responseCode = 200
2018-01-21 18:24:44 INFO  ApacheHttpClient.sendEvent(450) - responseCode = 200
2018-01-21 18:25:43 INFO  ApacheHttpClient.sendEvent(450) - responseCode = 200
2018-01-21 18:26:43 INFO  ApacheHttpClient.sendEvent(450) - responseCode = 200
2018-01-21 18:27:43 INFO  ApacheHttpClient.sendEvent(450) - responseCode = 200
2018-01-21 18:28:44 INFO  ApacheHttpClient.sendEvent(450) - responseCode = 200
2018-01-21 18:29:43 ERROR BuiltInServer.error(130) - Программа на вашем хост-компьютере разорвала установленное подключение
java.io.IOException: Программа на вашем хост-компьютере разорвала установленное подключение
	at sun.nio.ch.SocketDispatcher.read0(Native Method)
	at sun.nio.ch.SocketDispatcher.read(SocketDispatcher.java:43)
	at sun.nio.ch.IOUtil.readIntoNativeBuffer(IOUtil.java:223)
	at sun.nio.ch.IOUtil.read(IOUtil.java:192)
	at sun.nio.ch.SocketChannelImpl.read(SocketChannelImpl.java:380)
	at io.netty.buffer.PooledUnsafeDirectByteBuf.setBytes(PooledUnsafeDirectByteBuf.java:288)
	at io.netty.buffer.AbstractByteBuf.writeBytes(AbstractByteBuf.java:1100)
	at io.netty.channel.socket.nio.NioSocketChannel.doReadBytes(NioSocketChannel.java:372)
	at io.netty.channel.nio.AbstractNioByteChannel$NioByteUnsafe.read(AbstractNioByteChannel.java:123)
	at io.netty.channel.nio.NioEventLoop.processSelectedKey(NioEventLoop.java:644)
	at io.netty.channel.nio.NioEventLoop.processSelectedKeysOptimized(NioEventLoop.java:579)
	at io.netty.channel.nio.NioEventLoop.processSelectedKeys(NioEventLoop.java:496)
	at io.netty.channel.nio.NioEventLoop.run(NioEventLoop.java:458)
	at io.netty.util.concurrent.SingleThreadEventExecutor$5.run(SingleThreadEventExecutor.java:858)
	at java.lang.Thread.run(Thread.java:745)
2018-01-21 18:29:43 ERROR BuiltInServer.logErrorHeader(138) - IntelliJ IDEA 2017.3.2  Build #IC-173.4127.27
2018-01-21 18:29:43 ERROR BuiltInServer.logErrorHeader(145) - JDK: 1.8.0_152-release
2018-01-21 18:29:43 ERROR BuiltInServer.logErrorHeader(146) - VM: OpenJDK 64-Bit Server VM
2018-01-21 18:29:43 ERROR BuiltInServer.logErrorHeader(147) - Vendor: JetBrains s.r.o
2018-01-21 18:29:43 ERROR BuiltInServer.logErrorHeader(148) - OS: Windows 10
2018-01-21 18:29:43 INFO  ApacheHttpClient.sendEvent(450) - responseCode = 200
2018-01-21 18:30:44 INFO  ApacheHttpClient.sendEvent(450) - responseCode = 200
2018-01-21 18:31:43 INFO  ApacheHttpClient.sendEvent(450) - responseCode = 200
2018-01-21 18:32:43 INFO  ApacheHttpClient.sendEvent(450) - responseCode = 200
2018-01-21 18:33:46 INFO  ApacheHttpClient.sendEvent(450) - responseCode = 200
2018-01-21 18:34:51 ERROR ApacheHttpClient.processExceptionSendEvent(103) - (super) Ошибка во время отправки ивента на сервер.
2018-01-21 18:35:44 INFO  ApacheHttpClient.sendEvent(450) - responseCode = 200
2018-01-21 18:36:43 INFO  ApacheHttpClient.sendEvent(450) - responseCode = 200
2018-01-21 18:37:43 INFO  ApacheHttpClient.sendEvent(450) - responseCode = 200
2018-01-21 18:38:48 ERROR ApacheHttpClient.processExceptionSendEvent(103) - (super) Ошибка во время отправки ивента на сервер.
2018-01-21 18:41:00 INFO  ApacheHttpClient.sendEvent(450) - responseCode = 200
2018-01-21 18:41:15 INFO  ApacheHttpClient.sendEvent(450) - responseCode = 200
2018-01-21 18:41:43 INFO  ApacheHttpClient.sendEvent(450) - responseCode = 200
2018-01-21 18:42:45 INFO  ApacheHttpClient.sendEvent(450) - responseCode = 200
2018-01-21 18:43:43 INFO  ApacheHttpClient.sendEvent(450) - responseCode = 200
2018-01-21 18:44:43 INFO  ApacheHttpClient.sendEvent(450) - responseCode = 200
2018-01-21 18:45:45 INFO  ApacheHttpClient.sendEvent(450) - responseCode = 200
2018-01-21 18:46:43 INFO  ApacheHttpClient.sendEvent(450) - responseCode = 200
2018-01-21 18:47:43 INFO  ApacheHttpClient.sendEvent(450) - responseCode = 200
2018-01-21 18:48:43 INFO  ApacheHttpClient.sendEvent(450) - responseCode = 200
2018-01-21 18:49:21 INFO  ApacheHttpClient.getWebResourceAsStream(420) - responseCode = 200
2018-01-21 18:49:21 INFO  ApacheHttpClient.getFilteredTasks(307) - responseCode = 200
2018-01-21 18:49:27 INFO  ApacheHttpClient.getTaskTemplateInfo(324) - responseCode = 200
2018-01-21 18:49:30 INFO  ApacheHttpClient.testConnection(178) - responseCode = 200
2018-01-21 18:49:30 INFO  ApacheHttpClient.testConnection(185) - result = true
2018-01-21 18:49:30 INFO  ApacheHttpClient.testConnection(178) - responseCode = 200
2018-01-21 18:49:30 INFO  ApacheHttpClient.testConnection(185) - result = true
2018-01-21 18:49:30 INFO  ApacheHttpClient.getWebResourceAsStream(420) - responseCode = 200
2018-01-21 18:49:43 INFO  ApacheHttpClient.sendEvent(450) - responseCode = 200
2018-01-21 18:50:43 INFO  ApacheHttpClient.sendEvent(450) - responseCode = 200
2018-01-21 18:51:48 ERROR ApacheHttpClient.processExceptionSendEvent(103) - (super) Ошибка во время отправки ивента на сервер.
2018-01-21 18:52:44 INFO  ApacheHttpClient.sendEvent(450) - responseCode = 200
2018-01-21 18:53:43 INFO  ApacheHttpClient.sendEvent(450) - responseCode = 200
2018-01-21 18:54:43 INFO  ApacheHttpClient.sendEvent(450) - responseCode = 200
2018-01-21 18:55:43 INFO  ApacheHttpClient.sendEvent(450) - responseCode = 200
2018-01-21 18:56:44 INFO  ApacheHttpClient.sendEvent(450) - responseCode = 200
2018-01-21 18:57:43 INFO  ApacheHttpClient.sendEvent(450) - responseCode = 200
2018-01-21 18:58:43 INFO  ApacheHttpClient.sendEvent(450) - responseCode = 200
2018-01-21 18:59:44 INFO  ApacheHttpClient.sendEvent(450) - responseCode = 200
2018-01-21 19:00:44 INFO  ApacheHttpClient.sendEvent(450) - responseCode = 200
2018-01-21 19:01:46 INFO  ApacheHttpClient.sendEvent(450) - responseCode = 200
2018-01-21 19:02:43 INFO  ApacheHttpClient.sendEvent(450) - responseCode = 200
2018-01-21 19:03:44 INFO  ApacheHttpClient.sendEvent(450) - responseCode = 200
2018-01-21 19:04:44 INFO  ApacheHttpClient.sendEvent(450) - responseCode = 200
2018-01-21 19:04:46 INFO  ApacheHttpClient.testConnection(178) - responseCode = 200
2018-01-21 19:04:46 INFO  ApacheHttpClient.testConnection(185) - result = true
2018-01-21 19:04:48 INFO  ApacheHttpClient.testConnection(178) - responseCode = 200
2018-01-21 19:04:48 INFO  ApacheHttpClient.testConnection(185) - result = true
2018-01-21 19:04:51 INFO  ApacheHttpClient.getWebResourceAsStream(420) - responseCode = 200
2018-01-21 19:05:43 INFO  ApacheHttpClient.sendEvent(450) - responseCode = 200
2018-01-21 19:06:43 INFO  ApacheHttpClient.sendEvent(450) - responseCode = 200
2018-01-21 19:07:48 ERROR ApacheHttpClient.processExceptionSendEvent(103) - (super) Ошибка во время отправки ивента на сервер.
2018-01-21 19:09:14 INFO  ApacheHttpClient.sendEvent(450) - responseCode = 200
2018-01-21 19:09:43 INFO  ApacheHttpClient.sendEvent(450) - responseCode = 200
2018-01-21 19:10:44 INFO  ApacheHttpClient.sendEvent(450) - responseCode = 200
2018-01-21 19:11:43 INFO  ApacheHttpClient.sendEvent(450) - responseCode = 200
2018-01-21 19:12:48 ERROR ApacheHttpClient.processExceptionSendEvent(103) - (super) Ошибка во время отправки ивента на сервер.
2018-01-21 19:14:03 INFO  ApacheHttpClient.sendEvent(450) - responseCode = 200
2018-01-21 19:14:50 INFO  ApacheHttpClient.sendEvent(450) - responseCode = 200
2018-01-21 19:15:43 INFO  ApacheHttpClient.sendEvent(450) - responseCode = 200
2018-01-21 19:16:44 INFO  ApacheHttpClient.sendEvent(450) - responseCode = 200
2018-01-21 19:17:43 INFO  ApacheHttpClient.sendEvent(450) - responseCode = 200
2018-01-21 19:18:43 INFO  ApacheHttpClient.sendEvent(450) - responseCode = 200
2018-01-21 19:19:43 INFO  ApacheHttpClient.sendEvent(450) - responseCode = 200
2018-01-21 19:20:43 INFO  ApacheHttpClient.sendEvent(450) - responseCode = 200
2018-01-21 19:21:43 INFO  ApacheHttpClient.sendEvent(450) - responseCode = 200
2018-01-21 19:22:45 INFO  ApacheHttpClient.sendEvent(450) - responseCode = 200
2018-01-21 19:23:44 INFO  ApacheHttpClient.sendEvent(450) - responseCode = 200
2018-01-21 19:24:43 INFO  ApacheHttpClient.sendEvent(450) - responseCode = 200
2018-01-21 19:25:43 INFO  ApacheHttpClient.sendEvent(450) - responseCode = 200
2018-01-21 19:26:43 INFO  ApacheHttpClient.sendEvent(450) - responseCode = 200
2018-01-21 19:27:43 INFO  ApacheHttpClient.sendEvent(450) - responseCode = 200
2018-01-21 19:28:43 INFO  ApacheHttpClient.sendEvent(450) - responseCode = 200
2018-01-21 19:29:43 INFO  ApacheHttpClient.sendEvent(450) - responseCode = 200
2018-01-21 19:30:43 INFO  ApacheHttpClient.sendEvent(450) - responseCode = 200
2018-01-21 19:31:43 INFO  ApacheHttpClient.sendEvent(450) - responseCode = 200
2018-01-21 19:32:43 INFO  ApacheHttpClient.sendEvent(450) - responseCode = 200
2018-01-21 19:33:43 INFO  ApacheHttpClient.sendEvent(450) - responseCode = 200
2018-01-21 19:34:43 INFO  ApacheHttpClient.sendEvent(450) - responseCode = 200
2018-01-21 19:35:43 INFO  ApacheHttpClient.sendEvent(450) - responseCode = 200
2018-01-21 19:36:43 INFO  ApacheHttpClient.sendEvent(450) - responseCode = 200
2018-01-21 19:37:43 INFO  ApacheHttpClient.sendEvent(450) - responseCode = 200
2018-01-21 19:38:43 INFO  ApacheHttpClient.sendEvent(450) - responseCode = 200
2018-01-21 19:39:43 INFO  ApacheHttpClient.sendEvent(450) - responseCode = 200
2018-01-21 19:40:43 INFO  ApacheHttpClient.sendEvent(450) - responseCode = 200
2018-01-21 19:41:43 INFO  ApacheHttpClient.sendEvent(450) - responseCode = 200
2018-01-21 19:42:43 INFO  ApacheHttpClient.sendEvent(450) - responseCode = 200
2018-01-21 19:43:43 INFO  ApacheHttpClient.sendEvent(450) - responseCode = 200
2018-01-21 19:44:44 INFO  ApacheHttpClient.sendEvent(450) - responseCode = 200
2018-01-21 19:45:43 INFO  ApacheHttpClient.sendEvent(450) - responseCode = 200
2018-01-21 19:46:43 INFO  ApacheHttpClient.sendEvent(450) - responseCode = 200
2018-01-21 19:47:43 INFO  ApacheHttpClient.sendEvent(450) - responseCode = 200
2018-01-21 19:48:43 INFO  ApacheHttpClient.sendEvent(450) - responseCode = 200
2018-01-21 19:49:43 INFO  ApacheHttpClient.sendEvent(450) - responseCode = 200
2018-01-21 19:50:43 INFO  ApacheHttpClient.sendEvent(450) - responseCode = 200
2018-01-21 19:51:43 INFO  ApacheHttpClient.sendEvent(450) - responseCode = 200
2018-01-21 19:52:43 INFO  ApacheHttpClient.sendEvent(450) - responseCode = 200
2018-01-21 19:53:43 INFO  ApacheHttpClient.sendEvent(450) - responseCode = 200
2018-01-21 19:54:43 INFO  ApacheHttpClient.sendEvent(450) - responseCode = 200
2018-01-21 19:55:43 INFO  ApacheHttpClient.sendEvent(450) - responseCode = 200
2018-01-21 19:56:43 INFO  ApacheHttpClient.sendEvent(450) - responseCode = 200
2018-01-21 19:57:43 INFO  ApacheHttpClient.sendEvent(450) - responseCode = 200
2018-01-21 19:58:41 INFO  ApacheHttpClient.testConnection(178) - responseCode = 200
2018-01-21 19:58:41 INFO  ApacheHttpClient.testConnection(185) - result = true
2018-01-21 19:58:43 INFO  ApacheHttpClient.sendEvent(450) - responseCode = 200
2018-01-21 19:59:43 INFO  ApacheHttpClient.sendEvent(450) - responseCode = 200
2018-01-21 20:00:43 INFO  ApacheHttpClient.sendEvent(450) - responseCode = 200
2018-01-21 20:01:43 INFO  ApacheHttpClient.sendEvent(450) - responseCode = 200
2018-01-21 20:02:43 INFO  ApacheHttpClient.sendEvent(450) - responseCode = 200
2018-01-21 20:03:43 INFO  ApacheHttpClient.sendEvent(450) - responseCode = 200
2018-01-21 20:04:08 INFO  ApacheHttpClient.getWebResourceAsStream(420) - responseCode = 200
2018-01-21 20:04:11 INFO  ApacheHttpClient.getTask(405) - responseCode = 200
2018-01-21 20:04:13 INFO  ApacheHttpClient.getWebResourceAsStream(420) - responseCode = 200
2018-01-21 20:04:18 INFO  ApacheHttpClient.completed(27) - responseCode = 200
2018-01-21 20:04:43 INFO  ApacheHttpClient.sendEvent(450) - responseCode = 200
2018-01-21 20:05:44 INFO  ApacheHttpClient.sendEvent(450) - responseCode = 200
2018-01-21 20:06:43 INFO  ApacheHttpClient.sendEvent(450) - responseCode = 200
2018-01-21 20:06:45 INFO  ApacheHttpClient.getWebResourceAsStream(420) - responseCode = 200
2018-01-21 20:06:46 INFO  ApacheHttpClient.getTask(405) - responseCode = 200
2018-01-21 20:06:49 INFO  ApacheHttpClient.getWebResourceAsStream(420) - responseCode = 200
2018-01-21 20:06:55 INFO  ApacheHttpClient.completed(27) - responseCode = 400
2018-01-21 20:06:55 WARN  TaskCompleted.run(78) - Превышен допустимый размер файлов отправленных на валидацию.
2018-01-21 20:07:43 INFO  ApacheHttpClient.sendEvent(450) - responseCode = 200
2018-01-21 20:08:43 INFO  ApacheHttpClient.sendEvent(450) - responseCode = 200
2018-01-21 20:08:52 INFO  ApacheHttpClient.getWebResourceAsStream(420) - responseCode = 200
2018-01-21 20:08:53 INFO  ApacheHttpClient.getTask(405) - responseCode = 200
2018-01-21 20:08:54 INFO  ApacheHttpClient.getWebResourceAsStream(420) - responseCode = 200
2018-01-21 20:08:59 INFO  ApacheHttpClient.completed(27) - responseCode = 400
2018-01-21 20:08:59 WARN  TaskCompleted.run(78) - Превышен допустимый размер файлов отправленных на валидацию.
2018-01-21 20:09:43 INFO  ApacheHttpClient.sendEvent(450) - responseCode = 200
2018-01-21 20:10:43 INFO  ApacheHttpClient.sendEvent(450) - responseCode = 200
2018-01-21 20:11:43 INFO  ApacheHttpClient.sendEvent(450) - responseCode = 200
2018-01-21 20:12:43 INFO  ApacheHttpClient.sendEvent(450) - responseCode = 200
2018-01-21 20:13:43 INFO  ApacheHttpClient.sendEvent(450) - responseCode = 200
2018-01-21 20:14:13 INFO  ApacheHttpClient.getWebResourceAsStream(420) - responseCode = 200
2018-01-21 20:14:17 INFO  ApacheHttpClient.getTask(405) - responseCode = 200
2018-01-21 20:14:21 INFO  ApacheHttpClient.getWebResourceAsStream(420) - responseCode = 200
2018-01-21 20:14:32 INFO  ApacheHttpClient.completed(27) - responseCode = 400
2018-01-21 20:14:32 WARN  TaskCompleted.run(78) - Превышен допустимый размер файлов отправленных на валидацию.
2018-01-21 20:14:36 INFO  ApacheHttpClient.getWebResourceAsStream(420) - responseCode = 200
2018-01-21 20:14:36 INFO  ApacheHttpClient.getTask(405) - responseCode = 200
2018-01-21 20:14:43 INFO  ApacheHttpClient.sendEvent(450) - responseCode = 200
2018-01-21 20:15:21 INFO  ApacheHttpClient.getWebResourceAsStream(420) - responseCode = 200
2018-01-21 20:15:29 INFO  ApacheHttpClient.getTask(405) - responseCode = 200
2018-01-21 20:15:38 INFO  ApacheHttpClient.getWebResourceAsStream(420) - responseCode = 200
2018-01-21 20:15:43 INFO  ApacheHttpClient.sendEvent(450) - responseCode = 200
2018-01-21 20:15:43 INFO  ApacheHttpClient.completed(27) - responseCode = 200
2018-01-21 20:16:28 INFO  ApacheHttpClient.getWebResourceAsStream(420) - responseCode = 200
2018-01-21 20:16:34 ERROR ApacheHttpClient.getTask(410) - Ошибка во время выгрузки задачи. Убедитесь в доступности сети и попробуйте снова. : java.util.concurrent.ExecutionException
2018-01-21 20:16:59 INFO  ApacheHttpClient.sendEvent(450) - responseCode = 200
2018-01-21 20:16:59 INFO  ApacheHttpClient.getWebResourceAsStream(420) - responseCode = 200
2018-01-21 20:17:02 INFO  ApacheHttpClient.completed(27) - responseCode = 200
2018-01-21 20:17:43 INFO  ApacheHttpClient.sendEvent(450) - responseCode = 200
2018-01-21 20:18:13 INFO  ApacheHttpClient.getWebResourceAsStream(420) - responseCode = 200
2018-01-21 20:18:14 INFO  ApacheHttpClient.getTask(405) - responseCode = 200
2018-01-21 20:18:25 INFO  ApacheHttpClient.getWebResourceAsStream(420) - responseCode = 200
2018-01-21 20:18:48 INFO  ApacheHttpClient.sendEvent(450) - responseCode = 200
2018-01-21 20:19:01 INFO  ApacheHttpClient.completed(27) - responseCode = 200
2018-01-21 20:19:43 INFO  ApacheHttpClient.sendEvent(450) - responseCode = 200
2018-01-21 20:19:46 INFO  ApacheHttpClient.getWebResourceAsStream(420) - responseCode = 200
2018-01-21 20:19:46 INFO  ApacheHttpClient.getTask(405) - responseCode = 200
2018-01-21 20:20:43 INFO  ApacheHttpClient.sendEvent(450) - responseCode = 200
2018-01-21 20:21:43 INFO  ApacheHttpClient.sendEvent(450) - responseCode = 200
2018-01-21 20:22:43 INFO  ApacheHttpClient.sendEvent(450) - responseCode = 200
2018-01-21 20:23:43 INFO  ApacheHttpClient.sendEvent(450) - responseCode = 200
2018-01-21 20:24:43 INFO  ApacheHttpClient.sendEvent(450) - responseCode = 200
2018-01-21 20:25:43 INFO  ApacheHttpClient.sendEvent(450) - responseCode = 200
2018-01-21 20:26:43 INFO  ApacheHttpClient.sendEvent(450) - responseCode = 200
2018-01-21 20:27:43 INFO  ApacheHttpClient.sendEvent(450) - responseCode = 200
2018-01-21 20:28:03 INFO  ApacheHttpClient.getWebResourceAsStream(420) - responseCode = 200
2018-01-21 20:28:05 INFO  ApacheHttpClient.getTask(405) - responseCode = 200
2018-01-21 20:28:06 INFO  ApacheHttpClient.getWebResourceAsStream(420) - responseCode = 200
2018-01-21 20:28:09 INFO  ApacheHttpClient.completed(27) - responseCode = 200
2018-01-21 20:28:43 INFO  ApacheHttpClient.sendEvent(450) - responseCode = 200
2018-01-21 20:29:43 INFO  ApacheHttpClient.sendEvent(450) - responseCode = 200
2018-01-21 20:30:43 INFO  ApacheHttpClient.sendEvent(450) - responseCode = 200
2018-01-21 20:31:43 INFO  ApacheHttpClient.sendEvent(450) - responseCode = 200
2018-01-21 20:32:43 INFO  ApacheHttpClient.sendEvent(450) - responseCode = 200
2018-01-21 20:33:43 INFO  ApacheHttpClient.sendEvent(450) - responseCode = 200
2018-01-21 20:34:43 INFO  ApacheHttpClient.sendEvent(450) - responseCode = 200
2018-01-21 20:35:12 INFO  ApacheHttpClient.getWebResourceAsStream(420) - responseCode = 200
2018-01-21 20:35:12 INFO  ApacheHttpClient.getTask(405) - responseCode = 200
2018-01-21 20:35:12 INFO  ApacheHttpClient.getWebResourceAsStream(420) - responseCode = 200
2018-01-21 20:35:16 INFO  ApacheHttpClient.completed(27) - responseCode = 200
2018-01-21 20:35:43 INFO  ApacheHttpClient.sendEvent(450) - responseCode = 200
2018-01-21 20:36:24 INFO  ApacheHttpClient.getWebResourceAsStream(420) - responseCode = 200
2018-01-21 20:36:25 INFO  ApacheHttpClient.getTask(405) - responseCode = 200
2018-01-21 20:36:25 INFO  ApacheHttpClient.getWebResourceAsStream(420) - responseCode = 200
2018-01-21 20:36:29 INFO  ApacheHttpClient.completed(27) - responseCode = 200
2018-01-21 20:36:43 INFO  ApacheHttpClient.sendEvent(450) - responseCode = 200
2018-01-21 20:37:43 INFO  ApacheHttpClient.sendEvent(450) - responseCode = 200
2018-01-21 20:38:43 INFO  ApacheHttpClient.sendEvent(450) - responseCode = 200
2018-01-21 20:39:44 INFO  ApacheHttpClient.sendEvent(450) - responseCode = 200
2018-01-21 20:40:43 INFO  ApacheHttpClient.sendEvent(450) - responseCode = 200
2018-01-21 20:41:43 INFO  ApacheHttpClient.sendEvent(450) - responseCode = 200
2018-01-21 20:42:16 INFO  ApacheHttpClient.getWebResourceAsStream(420) - responseCode = 200
2018-01-21 20:42:16 INFO  ApacheHttpClient.getTask(405) - responseCode = 200
2018-01-21 20:42:16 INFO  ApacheHttpClient.getWebResourceAsStream(420) - responseCode = 200
2018-01-21 20:42:20 INFO  ApacheHttpClient.completed(27) - responseCode = 200
2018-01-21 20:42:43 INFO  ApacheHttpClient.sendEvent(450) - responseCode = 200
2018-01-21 20:43:20 INFO  ApacheHttpClient.getWebResourceAsStream(420) - responseCode = 200
2018-01-21 20:43:20 INFO  ApacheHttpClient.getTask(405) - responseCode = 200
2018-01-21 20:43:21 INFO  ApacheHttpClient.getWebResourceAsStream(420) - responseCode = 200
2018-01-21 20:43:24 INFO  ApacheHttpClient.completed(27) - responseCode = 200
2018-01-21 20:43:43 INFO  ApacheHttpClient.sendEvent(450) - responseCode = 200
2018-01-21 20:44:43 INFO  ApacheHttpClient.sendEvent(450) - responseCode = 200
2018-01-21 20:45:43 INFO  ApacheHttpClient.sendEvent(450) - responseCode = 200
2018-01-21 20:46:44 INFO  ApacheHttpClient.sendEvent(450) - responseCode = 200
2018-01-21 20:47:21 INFO  ApacheHttpClient.getWebResourceAsStream(420) - responseCode = 200
2018-01-21 20:47:21 INFO  ApacheHttpClient.getTask(405) - responseCode = 200
2018-01-21 20:47:47 INFO  ApacheHttpClient.sendEvent(450) - responseCode = 200
2018-01-21 20:48:52 ERROR ApacheHttpClient.processExceptionSendEvent(103) - (super) Ошибка во время отправки ивента на сервер.
2018-01-21 20:49:43 INFO  ApacheHttpClient.sendEvent(450) - responseCode = 200
2018-01-21 20:50:43 INFO  ApacheHttpClient.sendEvent(450) - responseCode = 200
2018-01-21 20:51:43 INFO  ApacheHttpClient.sendEvent(450) - responseCode = 200
2018-01-21 20:52:43 INFO  ApacheHttpClient.sendEvent(450) - responseCode = 200
2018-01-21 20:53:43 INFO  ApacheHttpClient.sendEvent(450) - responseCode = 200
2018-01-21 20:53:51 INFO  ApacheHttpClient.getWebResourceAsStream(420) - responseCode = 200
2018-01-21 20:53:53 INFO  ApacheHttpClient.getTask(405) - responseCode = 200
2018-01-21 20:53:53 INFO  ApacheHttpClient.getWebResourceAsStream(420) - responseCode = 200
2018-01-21 20:53:59 INFO  ApacheHttpClient.completed(27) - responseCode = 200
2018-01-21 20:54:43 INFO  ApacheHttpClient.sendEvent(450) - responseCode = 200
2018-01-21 20:55:01 INFO  ApacheHttpClient.getWebResourceAsStream(420) - responseCode = 200
2018-01-21 20:55:02 INFO  ApacheHttpClient.getTask(405) - responseCode = 200
2018-01-21 20:55:03 INFO  ApacheHttpClient.getWebResourceAsStream(420) - responseCode = 200
2018-01-21 20:55:08 INFO  ApacheHttpClient.completed(27) - responseCode = 200
2018-01-21 20:55:43 INFO  ApacheHttpClient.sendEvent(450) - responseCode = 200
2018-01-21 20:56:43 INFO  ApacheHttpClient.sendEvent(450) - responseCode = 200
2018-01-21 20:57:43 INFO  ApacheHttpClient.sendEvent(450) - responseCode = 200
2018-01-21 20:57:54 INFO  ApacheHttpClient.getWebResourceAsStream(420) - responseCode = 200
2018-01-21 20:57:55 INFO  ApacheHttpClient.getTask(405) - responseCode = 200
2018-01-21 20:57:55 INFO  ApacheHttpClient.getWebResourceAsStream(420) - responseCode = 200
2018-01-21 20:57:59 INFO  ApacheHttpClient.completed(27) - responseCode = 200
2018-01-21 20:58:43 INFO  ApacheHttpClient.sendEvent(450) - responseCode = 200
2018-01-21 20:58:58 INFO  ApacheHttpClient.getWebResourceAsStream(420) - responseCode = 200
2018-01-21 20:58:59 INFO  ApacheHttpClient.getTask(405) - responseCode = 200
2018-01-21 20:59:00 INFO  ApacheHttpClient.getWebResourceAsStream(420) - responseCode = 200
2018-01-21 20:59:03 INFO  ApacheHttpClient.completed(27) - responseCode = 200
2018-01-21 20:59:03 INFO  ApacheHttpClient.getTask(405) - responseCode = 200
2018-01-21 20:59:43 INFO  ApacheHttpClient.sendEvent(450) - responseCode = 200
2018-01-21 21:00:43 INFO  ApacheHttpClient.sendEvent(450) - responseCode = 200
2018-01-21 21:01:43 INFO  ApacheHttpClient.sendEvent(450) - responseCode = 200
2018-01-21 21:02:43 INFO  ApacheHttpClient.sendEvent(450) - responseCode = 200
2018-01-21 21:03:43 INFO  ApacheHttpClient.sendEvent(450) - responseCode = 200
2018-01-21 21:04:39 INFO  ApacheHttpClient.getWebResourceAsStream(420) - responseCode = 200
2018-01-21 21:04:39 INFO  ApacheHttpClient.getFilteredTasks(307) - responseCode = 200
2018-01-21 21:04:41 INFO  ApacheHttpClient.getTaskTemplateInfo(324) - responseCode = 200
2018-01-21 21:04:43 INFO  ApacheHttpClient.testConnection(178) - responseCode = 200
2018-01-21 21:04:43 INFO  ApacheHttpClient.testConnection(185) - result = true
2018-01-21 21:04:43 INFO  ApacheHttpClient.sendEvent(450) - responseCode = 200
2018-01-21 21:04:43 INFO  ApacheHttpClient.testConnection(178) - responseCode = 200
2018-01-21 21:04:43 INFO  ApacheHttpClient.testConnection(185) - result = true
2018-01-21 21:04:44 INFO  ApacheHttpClient.getWebResourceAsStream(420) - responseCode = 200
2018-01-21 21:04:44 INFO  ApacheHttpClient.getTaskTemplateInfo(324) - responseCode = 200
2018-01-21 21:04:47 INFO  ApacheHttpClient.testConnection(178) - responseCode = 200
2018-01-21 21:04:47 INFO  ApacheHttpClient.testConnection(185) - result = true
2018-01-21 21:04:47 INFO  ApacheHttpClient.testConnection(178) - responseCode = 200
2018-01-21 21:04:47 INFO  ApacheHttpClient.testConnection(185) - result = true
2018-01-21 21:04:48 INFO  ApacheHttpClient.getWebResourceAsStream(420) - responseCode = 200
2018-01-21 21:05:32 INFO  ApacheHttpClient.getWebResourceAsStream(420) - responseCode = 200
2018-01-21 21:05:33 INFO  ApacheHttpClient.getWebResourceAsStream(420) - responseCode = 200
2018-01-21 21:05:35 INFO  ApacheHttpClient.completed(27) - responseCode = 200
2018-01-21 21:05:36 INFO  ApacheHttpClient.getTask(405) - responseCode = 200
2018-01-21 21:05:36 INFO  ApacheHttpClient.getTask(405) - responseCode = 200
2018-01-21 21:05:43 INFO  ApacheHttpClient.sendEvent(450) - responseCode = 200
2018-01-21 21:06:43 INFO  ApacheHttpClient.sendEvent(450) - responseCode = 200
2018-01-21 21:07:43 INFO  ApacheHttpClient.sendEvent(450) - responseCode = 200
2018-01-21 21:08:43 INFO  ApacheHttpClient.sendEvent(450) - responseCode = 200
2018-01-21 21:09:43 INFO  ApacheHttpClient.sendEvent(450) - responseCode = 200
2018-01-21 21:10:43 INFO  ApacheHttpClient.sendEvent(450) - responseCode = 200
2018-01-21 21:11:43 INFO  ApacheHttpClient.sendEvent(450) - responseCode = 200
2018-01-21 21:12:43 INFO  ApacheHttpClient.sendEvent(450) - responseCode = 200
2018-01-21 21:13:39 INFO  ApacheHttpClient.getWebResourceAsStream(420) - responseCode = 200
2018-01-21 21:13:39 INFO  ApacheHttpClient.getFilteredTasks(307) - responseCode = 200
2018-01-21 21:13:43 INFO  ApacheHttpClient.sendEvent(450) - responseCode = 200
2018-01-21 21:13:44 INFO  ApacheHttpClient.getFilteredTasks(307) - responseCode = 200
2018-01-21 21:14:10 INFO  ApacheHttpClient.getTaskTemplateInfo(324) - responseCode = 200
2018-01-21 21:14:10 INFO  ApacheHttpClient.testConnection(178) - responseCode = 200
2018-01-21 21:14:10 INFO  ApacheHttpClient.testConnection(185) - result = true
2018-01-21 21:14:10 INFO  ApacheHttpClient.testConnection(178) - responseCode = 200
2018-01-21 21:14:10 INFO  ApacheHttpClient.testConnection(185) - result = true
2018-01-21 21:14:10 INFO  ApacheHttpClient.getWebResourceAsStream(420) - responseCode = 200
2018-01-21 21:14:43 INFO  ApacheHttpClient.sendEvent(450) - responseCode = 200
2018-01-21 21:15:43 INFO  ApacheHttpClient.sendEvent(450) - responseCode = 200
2018-01-21 21:16:43 INFO  ApacheHttpClient.sendEvent(450) - responseCode = 200
2018-01-21 21:17:43 INFO  ApacheHttpClient.sendEvent(450) - responseCode = 200
2018-01-21 21:18:43 INFO  ApacheHttpClient.sendEvent(450) - responseCode = 200
2018-01-21 21:19:43 INFO  ApacheHttpClient.sendEvent(450) - responseCode = 200
2018-01-21 21:20:43 INFO  ApacheHttpClient.sendEvent(450) - responseCode = 200
2018-01-21 21:21:43 INFO  ApacheHttpClient.sendEvent(450) - responseCode = 200
2018-01-21 21:22:43 INFO  ApacheHttpClient.sendEvent(450) - responseCode = 200
2018-01-21 21:23:43 INFO  ApacheHttpClient.sendEvent(450) - responseCode = 200
2018-01-21 21:24:43 INFO  ApacheHttpClient.sendEvent(450) - responseCode = 200
2018-01-21 21:25:43 INFO  ApacheHttpClient.sendEvent(450) - responseCode = 200
2018-01-21 21:26:43 INFO  ApacheHttpClient.sendEvent(450) - responseCode = 200
2018-01-21 21:27:43 INFO  ApacheHttpClient.sendEvent(450) - responseCode = 200
2018-01-21 21:28:43 INFO  ApacheHttpClient.sendEvent(450) - responseCode = 200
2018-01-21 21:29:43 INFO  ApacheHttpClient.sendEvent(450) - responseCode = 200
2018-01-21 21:30:43 INFO  ApacheHttpClient.sendEvent(450) - responseCode = 200
2018-01-21 21:31:43 INFO  ApacheHttpClient.sendEvent(450) - responseCode = 200
2018-01-21 21:32:43 INFO  ApacheHttpClient.sendEvent(450) - responseCode = 200
2018-01-21 21:33:43 INFO  ApacheHttpClient.sendEvent(450) - responseCode = 200
2018-01-21 21:34:43 INFO  ApacheHttpClient.sendEvent(450) - responseCode = 200
2018-01-21 21:35:43 INFO  ApacheHttpClient.sendEvent(450) - responseCode = 200
2018-01-21 21:36:43 INFO  ApacheHttpClient.sendEvent(450) - responseCode = 200
2018-01-21 21:37:44 INFO  ApacheHttpClient.sendEvent(450) - responseCode = 200
2018-01-21 21:38:43 INFO  ApacheHttpClient.sendEvent(450) - responseCode = 200
2018-01-21 21:39:43 INFO  ApacheHttpClient.sendEvent(450) - responseCode = 200
2018-01-21 21:40:43 INFO  ApacheHttpClient.sendEvent(450) - responseCode = 200
2018-01-21 21:41:43 INFO  ApacheHttpClient.sendEvent(450) - responseCode = 200
2018-01-21 21:42:43 INFO  ApacheHttpClient.sendEvent(450) - responseCode = 200
2018-01-21 21:43:43 INFO  ApacheHttpClient.sendEvent(450) - responseCode = 200
2018-01-21 21:44:43 INFO  ApacheHttpClient.sendEvent(450) - responseCode = 200
2018-01-21 21:45:43 INFO  ApacheHttpClient.sendEvent(450) - responseCode = 200
2018-01-21 21:46:43 INFO  ApacheHttpClient.sendEvent(450) - responseCode = 200
2018-01-21 21:47:43 INFO  ApacheHttpClient.sendEvent(450) - responseCode = 200
2018-01-21 21:48:43 INFO  ApacheHttpClient.sendEvent(450) - responseCode = 200
2018-01-21 21:49:43 INFO  ApacheHttpClient.sendEvent(450) - responseCode = 200
2018-01-21 21:50:43 INFO  ApacheHttpClient.sendEvent(450) - responseCode = 200
2018-01-21 21:51:43 INFO  ApacheHttpClient.sendEvent(450) - responseCode = 200
2018-01-21 21:52:43 INFO  ApacheHttpClient.sendEvent(450) - responseCode = 200
2018-01-21 21:53:43 INFO  ApacheHttpClient.sendEvent(450) - responseCode = 200
2018-01-21 21:54:43 INFO  ApacheHttpClient.sendEvent(450) - responseCode = 200
2018-01-21 21:55:46 INFO  ApacheHttpClient.sendEvent(450) - responseCode = 200
2018-01-21 21:56:43 INFO  ApacheHttpClient.sendEvent(450) - responseCode = 200
2018-01-21 21:57:43 INFO  ApacheHttpClient.sendEvent(450) - responseCode = 200
2018-01-21 21:58:43 INFO  ApacheHttpClient.sendEvent(450) - responseCode = 200
2018-01-21 21:59:43 INFO  ApacheHttpClient.sendEvent(450) - responseCode = 200
2018-01-21 22:00:43 INFO  ApacheHttpClient.sendEvent(450) - responseCode = 200
2018-01-21 22:01:43 INFO  ApacheHttpClient.sendEvent(450) - responseCode = 200
2018-01-21 22:02:43 INFO  ApacheHttpClient.sendEvent(450) - responseCode = 200
2018-01-21 22:03:43 INFO  ApacheHttpClient.sendEvent(450) - responseCode = 200
2018-01-21 22:04:43 INFO  ApacheHttpClient.sendEvent(450) - responseCode = 200
2018-01-21 22:05:43 INFO  ApacheHttpClient.sendEvent(450) - responseCode = 200
2018-01-21 22:06:43 INFO  ApacheHttpClient.sendEvent(450) - responseCode = 200
2018-01-21 22:07:43 INFO  ApacheHttpClient.sendEvent(450) - responseCode = 200
2018-01-21 22:08:43 INFO  ApacheHttpClient.sendEvent(450) - responseCode = 200
2018-01-21 22:09:43 INFO  ApacheHttpClient.sendEvent(450) - responseCode = 200
2018-01-21 22:10:43 INFO  ApacheHttpClient.sendEvent(450) - responseCode = 200
2018-01-21 22:11:43 INFO  ApacheHttpClient.sendEvent(450) - responseCode = 200
2018-01-21 22:12:43 INFO  ApacheHttpClient.sendEvent(450) - responseCode = 200
2018-01-21 22:13:43 INFO  ApacheHttpClient.sendEvent(450) - responseCode = 200
2018-01-21 22:14:43 INFO  ApacheHttpClient.sendEvent(450) - responseCode = 200
2018-01-21 22:15:43 INFO  ApacheHttpClient.sendEvent(450) - responseCode = 200
2018-01-21 22:16:43 INFO  ApacheHttpClient.sendEvent(450) - responseCode = 200
2018-01-21 22:17:43 INFO  ApacheHttpClient.sendEvent(450) - responseCode = 200
2018-01-21 22:18:43 INFO  ApacheHttpClient.sendEvent(450) - responseCode = 200
2018-01-21 22:19:43 INFO  ApacheHttpClient.sendEvent(450) - responseCode = 200
2018-01-21 22:20:43 INFO  ApacheHttpClient.sendEvent(450) - responseCode = 200
2018-01-21 22:21:43 INFO  ApacheHttpClient.sendEvent(450) - responseCode = 200
2018-01-21 22:22:43 INFO  ApacheHttpClient.sendEvent(450) - responseCode = 200
2018-01-21 22:23:43 INFO  ApacheHttpClient.sendEvent(450) - responseCode = 200
2018-01-21 22:24:43 INFO  ApacheHttpClient.sendEvent(450) - responseCode = 200
2018-01-21 22:25:43 INFO  ApacheHttpClient.sendEvent(450) - responseCode = 200
2018-01-21 22:26:43 INFO  ApacheHttpClient.sendEvent(450) - responseCode = 200
2018-01-21 22:27:43 INFO  ApacheHttpClient.sendEvent(450) - responseCode = 200
2018-01-21 22:28:43 INFO  ApacheHttpClient.sendEvent(450) - responseCode = 200
2018-01-21 22:29:43 INFO  ApacheHttpClient.sendEvent(450) - responseCode = 200
2018-01-21 22:30:43 INFO  ApacheHttpClient.sendEvent(450) - responseCode = 200
2018-01-21 22:31:43 INFO  ApacheHttpClient.sendEvent(450) - responseCode = 200
2018-01-21 22:32:43 INFO  ApacheHttpClient.sendEvent(450) - responseCode = 200
2018-01-21 22:33:43 INFO  ApacheHttpClient.sendEvent(450) - responseCode = 200
2018-01-21 22:34:43 INFO  ApacheHttpClient.sendEvent(450) - responseCode = 200
2018-01-21 22:35:43 INFO  ApacheHttpClient.sendEvent(450) - responseCode = 200
2018-01-21 22:36:43 INFO  ApacheHttpClient.sendEvent(450) - responseCode = 200
2018-01-21 22:37:43 INFO  ApacheHttpClient.sendEvent(450) - responseCode = 200
2018-01-21 22:38:43 INFO  ApacheHttpClient.sendEvent(450) - responseCode = 200
2018-01-21 22:39:43 INFO  ApacheHttpClient.sendEvent(450) - responseCode = 200
2018-01-21 22:40:43 INFO  ApacheHttpClient.sendEvent(450) - responseCode = 200
2018-01-21 22:41:43 INFO  ApacheHttpClient.sendEvent(450) - responseCode = 200
2018-01-21 22:42:43 INFO  ApacheHttpClient.sendEvent(450) - responseCode = 200
2018-01-21 22:43:43 INFO  ApacheHttpClient.sendEvent(450) - responseCode = 200
2018-01-21 22:44:43 INFO  ApacheHttpClient.sendEvent(450) - responseCode = 200
2018-01-21 22:45:43 INFO  ApacheHttpClient.sendEvent(450) - responseCode = 200
2018-01-21 22:46:43 INFO  ApacheHttpClient.sendEvent(450) - responseCode = 200
2018-01-21 22:47:43 INFO  ApacheHttpClient.sendEvent(450) - responseCode = 200
2018-01-21 22:48:43 INFO  ApacheHttpClient.sendEvent(450) - responseCode = 200
2018-01-21 22:49:43 INFO  ApacheHttpClient.sendEvent(450) - responseCode = 200
2018-01-21 22:50:43 INFO  ApacheHttpClient.sendEvent(450) - responseCode = 200
2018-01-21 22:51:43 INFO  ApacheHttpClient.sendEvent(450) - responseCode = 200
2018-01-21 22:52:43 INFO  ApacheHttpClient.sendEvent(450) - responseCode = 200
2018-01-21 22:53:43 INFO  ApacheHttpClient.sendEvent(450) - responseCode = 200
2018-01-21 22:54:43 INFO  ApacheHttpClient.sendEvent(450) - responseCode = 200
2018-01-21 22:55:43 INFO  ApacheHttpClient.sendEvent(450) - responseCode = 200
2018-01-21 22:56:43 INFO  ApacheHttpClient.sendEvent(450) - responseCode = 200
2018-01-21 22:57:43 INFO  ApacheHttpClient.sendEvent(450) - responseCode = 200
2018-01-21 22:58:43 INFO  ApacheHttpClient.sendEvent(450) - responseCode = 200
2018-01-21 22:59:43 INFO  ApacheHttpClient.sendEvent(450) - responseCode = 200
2018-01-21 23:00:43 INFO  ApacheHttpClient.sendEvent(450) - responseCode = 200
2018-01-21 23:01:43 INFO  ApacheHttpClient.sendEvent(450) - responseCode = 200
2018-01-21 23:02:43 INFO  ApacheHttpClient.sendEvent(450) - responseCode = 200
2018-01-21 23:03:43 INFO  ApacheHttpClient.sendEvent(450) - responseCode = 200
2018-01-21 23:04:43 INFO  ApacheHttpClient.sendEvent(450) - responseCode = 200
2018-01-21 23:05:43 INFO  ApacheHttpClient.sendEvent(450) - responseCode = 200
2018-01-21 23:06:43 INFO  ApacheHttpClient.sendEvent(450) - responseCode = 200
2018-01-21 23:07:43 INFO  ApacheHttpClient.sendEvent(450) - responseCode = 200
2018-01-21 23:08:44 INFO  ApacheHttpClient.sendEvent(450) - responseCode = 200
2018-01-21 23:09:43 INFO  ApacheHttpClient.sendEvent(450) - responseCode = 200
2018-01-21 23:10:43 INFO  ApacheHttpClient.sendEvent(450) - responseCode = 200
2018-01-21 23:11:43 INFO  ApacheHttpClient.sendEvent(450) - responseCode = 200
2018-01-21 23:12:43 INFO  ApacheHttpClient.sendEvent(450) - responseCode = 200
2018-01-21 23:13:43 INFO  ApacheHttpClient.sendEvent(450) - responseCode = 200
2018-01-21 23:14:43 INFO  ApacheHttpClient.sendEvent(450) - responseCode = 200
2018-01-21 23:15:43 INFO  ApacheHttpClient.sendEvent(450) - responseCode = 200
2018-01-21 23:16:43 INFO  ApacheHttpClient.sendEvent(450) - responseCode = 200
2018-01-21 23:17:43 INFO  ApacheHttpClient.sendEvent(450) - responseCode = 200
2018-01-21 23:18:43 INFO  ApacheHttpClient.sendEvent(450) - responseCode = 200
2018-01-21 23:19:43 INFO  ApacheHttpClient.sendEvent(450) - responseCode = 200
2018-01-21 23:20:43 INFO  ApacheHttpClient.sendEvent(450) - responseCode = 200
2018-01-21 23:21:43 INFO  ApacheHttpClient.sendEvent(450) - responseCode = 200
2018-01-21 23:22:43 INFO  ApacheHttpClient.sendEvent(450) - responseCode = 200
2018-01-21 23:23:43 INFO  ApacheHttpClient.sendEvent(450) - responseCode = 200
2018-01-21 23:24:43 INFO  ApacheHttpClient.sendEvent(450) - responseCode = 200
2018-01-21 23:25:43 INFO  ApacheHttpClient.sendEvent(450) - responseCode = 200
2018-01-21 23:26:44 INFO  ApacheHttpClient.sendEvent(450) - responseCode = 200
2018-01-21 23:27:43 INFO  ApacheHttpClient.sendEvent(450) - responseCode = 200
2018-01-21 23:28:43 INFO  ApacheHttpClient.sendEvent(450) - responseCode = 200
2018-01-21 23:29:43 INFO  ApacheHttpClient.sendEvent(450) - responseCode = 200
2018-01-21 23:30:43 INFO  ApacheHttpClient.sendEvent(450) - responseCode = 200
2018-01-21 23:31:43 INFO  ApacheHttpClient.sendEvent(450) - responseCode = 200
2018-01-21 23:32:43 INFO  ApacheHttpClient.sendEvent(450) - responseCode = 200
2018-01-21 23:33:43 INFO  ApacheHttpClient.sendEvent(450) - responseCode = 200
2018-01-21 23:34:43 INFO  ApacheHttpClient.sendEvent(450) - responseCode = 200
2018-01-21 23:35:39 INFO  ApacheHttpClient.testConnection(178) - responseCode = 200
2018-01-21 23:35:39 INFO  ApacheHttpClient.testConnection(185) - result = true
2018-01-21 23:35:41 INFO  ApacheHttpClient.testConnection(178) - responseCode = 200
2018-01-21 23:35:41 INFO  ApacheHttpClient.testConnection(185) - result = true
2018-01-21 23:35:42 INFO  ApacheHttpClient.getWebResourceAsStream(420) - responseCode = 200
2018-01-21 23:35:43 INFO  ApacheHttpClient.sendEvent(450) - responseCode = 200
2018-01-21 23:36:43 INFO  ApacheHttpClient.sendEvent(450) - responseCode = 200
2018-01-21 23:37:43 INFO  ApacheHttpClient.sendEvent(450) - responseCode = 200
2018-01-21 23:38:43 INFO  ApacheHttpClient.sendEvent(450) - responseCode = 200
2018-01-21 23:39:43 INFO  ApacheHttpClient.sendEvent(450) - responseCode = 200
2018-01-21 23:40:43 INFO  ApacheHttpClient.sendEvent(450) - responseCode = 200
2018-01-21 23:41:43 INFO  ApacheHttpClient.sendEvent(450) - responseCode = 200
2018-01-21 23:42:43 INFO  ApacheHttpClient.sendEvent(450) - responseCode = 200
2018-01-21 23:43:43 INFO  ApacheHttpClient.sendEvent(450) - responseCode = 200
2018-01-21 23:44:43 INFO  ApacheHttpClient.sendEvent(450) - responseCode = 200
2018-01-21 23:45:43 INFO  ApacheHttpClient.sendEvent(450) - responseCode = 200
2018-01-21 23:46:43 INFO  ApacheHttpClient.sendEvent(450) - responseCode = 200
2018-01-21 23:47:03 INFO  ApacheHttpClient.testConnection(178) - responseCode = 200
2018-01-21 23:47:03 INFO  ApacheHttpClient.testConnection(185) - result = true
2018-01-21 23:47:09 INFO  ApacheHttpClient.getWebResourceAsStream(420) - responseCode = 200
2018-01-21 23:47:09 INFO  ApacheHttpClient.getTask(405) - responseCode = 200
2018-01-21 23:47:10 INFO  ApacheHttpClient.getTask(405) - responseCode = 200
2018-01-21 23:47:14 INFO  ApacheHttpClient.getWebResourceAsStream(420) - responseCode = 200
2018-01-21 23:47:20 INFO  ApacheHttpClient.completed(27) - responseCode = 400
2018-01-21 23:47:21 WARN  TaskCompleted.run(66) - Задача "Aggregator (17)" уже решена
2018-01-21 23:47:27 INFO  ApacheHttpClient.getWebResourceAsStream(420) - responseCode = 200
2018-01-21 23:47:27 INFO  ApacheHttpClient.getTask(405) - responseCode = 200
2018-01-21 23:47:28 INFO  ApacheHttpClient.getWebResourceAsStream(420) - responseCode = 200
2018-01-21 23:47:28 INFO  ApacheHttpClient.completed(27) - responseCode = 200
2018-01-21 23:47:43 INFO  ApacheHttpClient.sendEvent(450) - responseCode = 200
2018-01-21 23:48:43 INFO  ApacheHttpClient.sendEvent(450) - responseCode = 200
2018-01-21 23:49:43 INFO  ApacheHttpClient.sendEvent(450) - responseCode = 200
2018-01-21 23:50:43 INFO  ApacheHttpClient.sendEvent(450) - responseCode = 200
2018-01-21 23:51:43 INFO  ApacheHttpClient.sendEvent(450) - responseCode = 200
2018-01-21 23:52:43 INFO  ApacheHttpClient.sendEvent(450) - responseCode = 200
2018-01-21 23:53:44 INFO  ApacheHttpClient.sendEvent(450) - responseCode = 200
2018-01-21 23:54:43 INFO  ApacheHttpClient.sendEvent(450) - responseCode = 200
2018-01-21 23:55:43 INFO  ApacheHttpClient.sendEvent(450) - responseCode = 200
2018-01-21 23:56:43 INFO  ApacheHttpClient.sendEvent(450) - responseCode = 200
2018-01-21 23:57:43 INFO  ApacheHttpClient.sendEvent(450) - responseCode = 200
2018-01-21 23:58:44 INFO  ApacheHttpClient.sendEvent(450) - responseCode = 200
2018-01-21 23:59:43 INFO  ApacheHttpClient.sendEvent(450) - responseCode = 200
2018-01-22 00:00:43 INFO  ApacheHttpClient.sendEvent(450) - responseCode = 200
2018-01-22 00:01:45 INFO  ApacheHttpClient.sendEvent(450) - responseCode = 200
2018-01-22 00:02:47 INFO  ApacheHttpClient.sendEvent(450) - responseCode = 200
2018-01-22 00:03:43 INFO  ApacheHttpClient.sendEvent(450) - responseCode = 200
2018-01-22 00:04:43 INFO  ApacheHttpClient.sendEvent(450) - responseCode = 200
2018-01-22 00:05:43 INFO  ApacheHttpClient.sendEvent(450) - responseCode = 200
2018-01-22 00:06:43 INFO  ApacheHttpClient.sendEvent(450) - responseCode = 200
2018-01-22 00:07:43 INFO  ApacheHttpClient.sendEvent(450) - responseCode = 200
2018-01-22 00:08:43 INFO  ApacheHttpClient.sendEvent(450) - responseCode = 200
2018-01-22 00:09:43 INFO  ApacheHttpClient.sendEvent(450) - responseCode = 200
2018-01-22 00:10:43 INFO  ApacheHttpClient.sendEvent(450) - responseCode = 200
2018-01-22 00:11:43 INFO  ApacheHttpClient.sendEvent(450) - responseCode = 200
2018-01-22 00:12:44 INFO  ApacheHttpClient.sendEvent(450) - responseCode = 200
2018-01-22 00:13:43 INFO  ApacheHttpClient.sendEvent(450) - responseCode = 200
2018-01-22 00:14:43 INFO  ApacheHttpClient.sendEvent(450) - responseCode = 200
2018-01-22 00:15:43 INFO  ApacheHttpClient.sendEvent(450) - responseCode = 200
2018-01-22 00:16:01 INFO  ApacheHttpClient.getWebResourceAsStream(420) - responseCode = 200
2018-01-22 00:16:02 INFO  ApacheHttpClient.getTask(405) - responseCode = 200
2018-01-22 00:17:07 ERROR ApacheHttpClient.processExceptionSendEvent(103) - (super) Ошибка во время отправки ивента на сервер.
2018-01-22 00:18:04 ERROR ApacheHttpClient.processExceptionSendEvent(103) - (super) Ошибка во время отправки ивента на сервер.
2018-01-22 00:18:43 ERROR ApacheHttpClient.processExceptionSendEvent(103) - (super) Ошибка во время отправки ивента на сервер.
2018-01-22 00:19:43 ERROR ApacheHttpClient.processExceptionSendEvent(103) - (super) Ошибка во время отправки ивента на сервер.
2018-01-22 00:20:43 ERROR ApacheHttpClient.processExceptionSendEvent(103) - (super) Ошибка во время отправки ивента на сервер.
2018-01-22 00:24:34 ERROR ApacheHttpClient.processExceptionSendEvent(103) - (super) Ошибка во время отправки ивента на сервер.
2018-01-22 00:24:34 ERROR ApacheHttpClient.processExceptionSendEvent(103) - (super) Ошибка во время отправки ивента на сервер.
2018-01-22 00:24:34 ERROR ApacheHttpClient.processExceptionSendEvent(103) - (super) Ошибка во время отправки ивента на сервер.
2018-01-22 00:24:43 ERROR ApacheHttpClient.processExceptionSendEvent(103) - (super) Ошибка во время отправки ивента на сервер.
2018-01-22 00:25:43 ERROR ApacheHttpClient.processExceptionSendEvent(103) - (super) Ошибка во время отправки ивента на сервер.
2018-01-22 00:26:43 ERROR ApacheHttpClient.processExceptionSendEvent(103) - (super) Ошибка во время отправки ивента на сервер.
2018-01-22 00:28:04 ERROR ApacheHttpClient.processExceptionSendEvent(103) - (super) Ошибка во время отправки ивента на сервер.
2018-01-22 00:28:43 ERROR ApacheHttpClient.processExceptionSendEvent(103) - (super) Ошибка во время отправки ивента на сервер.
2018-01-22 00:30:04 ERROR ApacheHttpClient.processExceptionSendEvent(103) - (super) Ошибка во время отправки ивента на сервер.
2018-01-22 00:30:43 ERROR ApacheHttpClient.processExceptionSendEvent(103) - (super) Ошибка во время отправки ивента на сервер.
2018-01-22 00:32:04 ERROR ApacheHttpClient.processExceptionSendEvent(103) - (super) Ошибка во время отправки ивента на сервер.
2018-01-22 00:32:45 INFO  ApacheHttpClient.sendEvent(450) - responseCode = 200
2018-01-22 00:33:44 INFO  ApacheHttpClient.sendEvent(450) - responseCode = 200
2018-01-22 00:34:43 INFO  ApacheHttpClient.sendEvent(450) - responseCode = 200
2018-01-22 00:35:43 INFO  ApacheHttpClient.sendEvent(450) - responseCode = 200
2018-01-22 00:36:43 INFO  ApacheHttpClient.sendEvent(450) - responseCode = 200
2018-01-22 00:37:43 INFO  ApacheHttpClient.sendEvent(450) - responseCode = 200
2018-01-22 00:38:43 INFO  ApacheHttpClient.sendEvent(450) - responseCode = 200
2018-01-22 00:39:43 INFO  ApacheHttpClient.sendEvent(450) - responseCode = 200
2018-01-22 00:40:43 INFO  ApacheHttpClient.sendEvent(450) - responseCode = 200
2018-01-22 00:41:43 INFO  ApacheHttpClient.sendEvent(450) - responseCode = 200
2018-01-22 00:42:43 INFO  ApacheHttpClient.sendEvent(450) - responseCode = 200
2018-01-22 00:43:43 INFO  ApacheHttpClient.sendEvent(450) - responseCode = 200
2018-01-22 00:44:08 INFO  ApacheHttpClient.getWebResourceAsStream(420) - responseCode = 200
2018-01-22 00:44:08 INFO  ApacheHttpClient.getTask(405) - responseCode = 200
2018-01-22 00:44:14 INFO  ApacheHttpClient.getTask(405) - responseCode = 200
2018-01-22 00:44:15 INFO  ApacheHttpClient.completed(27) - responseCode = 200
2018-01-22 00:44:22 INFO  ApacheHttpClient.getWebResourceAsStream(420) - responseCode = 200
2018-01-22 00:44:43 INFO  ApacheHttpClient.sendEvent(450) - responseCode = 200
2018-01-22 00:45:43 INFO  ApacheHttpClient.sendEvent(450) - responseCode = 200
2018-01-22 00:46:43 INFO  ApacheHttpClient.sendEvent(450) - responseCode = 200
2018-01-22 00:47:43 INFO  ApacheHttpClient.sendEvent(450) - responseCode = 200
2018-01-22 00:48:44 INFO  ApacheHttpClient.sendEvent(450) - responseCode = 200
2018-01-22 00:49:43 INFO  ApacheHttpClient.sendEvent(450) - responseCode = 200
2018-01-22 00:50:43 INFO  ApacheHttpClient.sendEvent(450) - responseCode = 200
2018-01-22 00:51:43 INFO  ApacheHttpClient.sendEvent(450) - responseCode = 200
2018-01-22 00:52:43 INFO  ApacheHttpClient.sendEvent(450) - responseCode = 200
2018-01-22 00:53:43 INFO  ApacheHttpClient.sendEvent(450) - responseCode = 200
2018-01-22 00:54:43 INFO  ApacheHttpClient.sendEvent(450) - responseCode = 200
2018-01-22 00:55:43 INFO  ApacheHttpClient.sendEvent(450) - responseCode = 200
2018-01-22 00:56:43 INFO  ApacheHttpClient.sendEvent(450) - responseCode = 200
2018-01-22 00:57:43 INFO  ApacheHttpClient.sendEvent(450) - responseCode = 200
2018-01-22 00:58:43 INFO  ApacheHttpClient.sendEvent(450) - responseCode = 200
2018-01-22 00:59:43 INFO  ApacheHttpClient.sendEvent(450) - responseCode = 200
2018-01-22 01:00:43 INFO  ApacheHttpClient.sendEvent(450) - responseCode = 200
2018-01-22 01:01:43 INFO  ApacheHttpClient.sendEvent(450) - responseCode = 200
2018-01-22 01:02:43 INFO  ApacheHttpClient.sendEvent(450) - responseCode = 200
2018-01-22 01:03:43 INFO  ApacheHttpClient.sendEvent(450) - responseCode = 200
2018-01-22 01:04:43 INFO  ApacheHttpClient.sendEvent(450) - responseCode = 200
2018-01-22 01:05:43 INFO  ApacheHttpClient.sendEvent(450) - responseCode = 200
2018-01-22 01:06:43 INFO  ApacheHttpClient.sendEvent(450) - responseCode = 200
2018-01-22 01:07:43 INFO  ApacheHttpClient.sendEvent(450) - responseCode = 200
2018-01-22 01:08:43 INFO  ApacheHttpClient.sendEvent(450) - responseCode = 200
2018-01-22 01:09:43 INFO  ApacheHttpClient.sendEvent(450) - responseCode = 200
2018-01-22 01:10:43 INFO  ApacheHttpClient.sendEvent(450) - responseCode = 200
2018-01-22 01:11:43 INFO  ApacheHttpClient.sendEvent(450) - responseCode = 200
2018-01-22 01:12:43 INFO  ApacheHttpClient.sendEvent(450) - responseCode = 200
2018-01-22 01:13:43 INFO  ApacheHttpClient.sendEvent(450) - responseCode = 200
2018-01-22 01:14:44 INFO  ApacheHttpClient.sendEvent(450) - responseCode = 200
2018-01-22 01:15:43 INFO  ApacheHttpClient.sendEvent(450) - responseCode = 200
2018-01-22 01:16:43 INFO  ApacheHttpClient.sendEvent(450) - responseCode = 200
2018-01-22 01:17:43 INFO  ApacheHttpClient.sendEvent(450) - responseCode = 200
2018-01-22 01:18:43 INFO  ApacheHttpClient.sendEvent(450) - responseCode = 200
2018-01-22 01:19:43 INFO  ApacheHttpClient.sendEvent(450) - responseCode = 200
2018-01-22 01:20:43 INFO  ApacheHttpClient.sendEvent(450) - responseCode = 200
2018-01-22 01:21:43 INFO  ApacheHttpClient.sendEvent(450) - responseCode = 200
2018-01-22 01:22:43 INFO  ApacheHttpClient.sendEvent(450) - responseCode = 200
2018-01-22 01:23:43 INFO  ApacheHttpClient.sendEvent(450) - responseCode = 200
2018-01-22 01:24:43 INFO  ApacheHttpClient.sendEvent(450) - responseCode = 200
2018-01-22 01:25:43 INFO  ApacheHttpClient.sendEvent(450) - responseCode = 200
2018-01-22 01:26:44 INFO  ApacheHttpClient.sendEvent(450) - responseCode = 200
2018-01-22 01:27:43 INFO  ApacheHttpClient.sendEvent(450) - responseCode = 200
2018-01-22 01:28:43 INFO  ApacheHttpClient.sendEvent(450) - responseCode = 200
2018-01-22 01:29:43 INFO  ApacheHttpClient.sendEvent(450) - responseCode = 200
2018-01-22 01:30:43 INFO  ApacheHttpClient.sendEvent(450) - responseCode = 200
2018-01-22 01:31:43 INFO  ApacheHttpClient.sendEvent(450) - responseCode = 200
2018-01-22 01:32:43 INFO  ApacheHttpClient.sendEvent(450) - responseCode = 200
2018-01-22 01:33:43 INFO  ApacheHttpClient.sendEvent(450) - responseCode = 200
2018-01-22 01:34:43 INFO  ApacheHttpClient.sendEvent(450) - responseCode = 200
2018-01-22 01:35:43 INFO  ApacheHttpClient.sendEvent(450) - responseCode = 200
2018-01-22 01:36:43 INFO  ApacheHttpClient.sendEvent(450) - responseCode = 200
2018-01-22 01:37:43 INFO  ApacheHttpClient.sendEvent(450) - responseCode = 200
2018-01-22 01:38:43 INFO  ApacheHttpClient.sendEvent(450) - responseCode = 200
2018-01-22 01:39:43 INFO  ApacheHttpClient.sendEvent(450) - responseCode = 200
2018-01-22 01:40:43 INFO  ApacheHttpClient.sendEvent(450) - responseCode = 200
2018-01-22 01:41:43 INFO  ApacheHttpClient.sendEvent(450) - responseCode = 200
2018-01-22 01:42:43 INFO  ApacheHttpClient.sendEvent(450) - responseCode = 200
2018-01-22 01:43:00 INFO  ApacheHttpClient.getWebResourceAsStream(420) - responseCode = 200
2018-01-22 01:43:01 INFO  ApacheHttpClient.getTask(405) - responseCode = 200
2018-01-22 01:43:02 INFO  ApacheHttpClient.getWebResourceAsStream(420) - responseCode = 200
2018-01-22 01:43:03 INFO  ApacheHttpClient.completed(27) - responseCode = 200
2018-01-22 01:43:43 INFO  ApacheHttpClient.sendEvent(450) - responseCode = 200
2018-01-22 01:44:43 INFO  ApacheHttpClient.sendEvent(450) - responseCode = 200
2018-01-22 01:45:43 INFO  ApacheHttpClient.sendEvent(450) - responseCode = 200
2018-01-22 01:46:43 INFO  ApacheHttpClient.sendEvent(450) - responseCode = 200
2018-01-22 01:47:43 INFO  ApacheHttpClient.sendEvent(450) - responseCode = 200
2018-01-22 01:48:43 INFO  ApacheHttpClient.sendEvent(450) - responseCode = 200
2018-01-22 01:49:43 INFO  ApacheHttpClient.sendEvent(450) - responseCode = 200
2018-01-22 01:50:43 INFO  ApacheHttpClient.sendEvent(450) - responseCode = 200
2018-01-22 01:51:43 INFO  ApacheHttpClient.sendEvent(450) - responseCode = 200
2018-01-22 01:52:43 INFO  ApacheHttpClient.sendEvent(450) - responseCode = 200
2018-01-22 01:53:44 INFO  ApacheHttpClient.sendEvent(450) - responseCode = 200
2018-01-22 01:54:44 INFO  ApacheHttpClient.sendEvent(450) - responseCode = 200
2018-01-22 01:55:43 INFO  ApacheHttpClient.sendEvent(450) - responseCode = 200
2018-01-22 01:56:43 INFO  ApacheHttpClient.sendEvent(450) - responseCode = 200
2018-01-22 01:57:43 INFO  ApacheHttpClient.sendEvent(450) - responseCode = 200
2018-01-22 01:58:43 INFO  ApacheHttpClient.sendEvent(450) - responseCode = 200
2018-01-22 01:59:43 INFO  ApacheHttpClient.sendEvent(450) - responseCode = 200
2018-01-22 02:00:43 INFO  ApacheHttpClient.sendEvent(450) - responseCode = 200
2018-01-22 02:01:43 INFO  ApacheHttpClient.sendEvent(450) - responseCode = 200
2018-01-22 02:02:43 INFO  ApacheHttpClient.sendEvent(450) - responseCode = 200
2018-01-22 02:03:43 INFO  ApacheHttpClient.sendEvent(450) - responseCode = 200
2018-01-22 02:04:44 INFO  ApacheHttpClient.sendEvent(450) - responseCode = 200
2018-01-22 02:05:43 INFO  ApacheHttpClient.sendEvent(450) - responseCode = 200
2018-01-22 02:06:44 INFO  ApacheHttpClient.sendEvent(450) - responseCode = 200
2018-01-22 02:07:44 INFO  ApacheHttpClient.sendEvent(450) - responseCode = 200
2018-01-22 02:08:43 INFO  ApacheHttpClient.sendEvent(450) - responseCode = 200
2018-01-22 02:09:44 INFO  ApacheHttpClient.sendEvent(450) - responseCode = 200
2018-01-22 02:10:43 INFO  ApacheHttpClient.sendEvent(450) - responseCode = 200
2018-01-22 02:11:43 INFO  ApacheHttpClient.sendEvent(450) - responseCode = 200
2018-01-22 02:12:43 INFO  ApacheHttpClient.sendEvent(450) - responseCode = 200
2018-01-22 02:13:43 INFO  ApacheHttpClient.sendEvent(450) - responseCode = 200
2018-01-22 02:14:43 INFO  ApacheHttpClient.sendEvent(450) - responseCode = 200
2018-01-22 02:15:43 INFO  ApacheHttpClient.sendEvent(450) - responseCode = 200
2018-01-22 02:16:43 INFO  ApacheHttpClient.sendEvent(450) - responseCode = 200
2018-01-22 02:17:43 INFO  ApacheHttpClient.sendEvent(450) - responseCode = 200
2018-01-22 02:18:43 INFO  ApacheHttpClient.sendEvent(450) - responseCode = 200
2018-01-22 02:19:43 INFO  ApacheHttpClient.sendEvent(450) - responseCode = 200
2018-01-22 02:20:43 INFO  ApacheHttpClient.sendEvent(450) - responseCode = 200
2018-01-22 02:21:43 INFO  ApacheHttpClient.sendEvent(450) - responseCode = 200
2018-01-22 02:22:43 INFO  ApacheHttpClient.sendEvent(450) - responseCode = 200
2018-01-22 02:23:43 INFO  ApacheHttpClient.sendEvent(450) - responseCode = 200
2018-01-22 02:24:43 INFO  ApacheHttpClient.sendEvent(450) - responseCode = 200
2018-01-22 02:25:05 INFO  ApacheHttpClient.getWebResourceAsStream(420) - responseCode = 200
2018-01-22 02:25:30 INFO  ApacheHttpClient.getTask(405) - responseCode = 200
2018-01-22 02:25:30 INFO  ApacheHttpClient.getWebResourceAsStream(420) - responseCode = 200
2018-01-22 02:25:30 INFO  ApacheHttpClient.getWebResourceAsStream(420) - responseCode = 200
2018-01-22 02:25:31 INFO  ApacheHttpClient.getTask(405) - responseCode = 200
2018-01-22 02:25:31 INFO  ApacheHttpClient.completed(27) - responseCode = 200
2018-01-22 02:25:32 INFO  ApacheHttpClient.getWebResourceAsStream(420) - responseCode = 200
2018-01-22 02:25:37 INFO  ApacheHttpClient.completed(27) - responseCode = 200
2018-01-22 02:25:43 INFO  ApacheHttpClient.sendEvent(450) - responseCode = 200
2018-01-22 02:26:43 INFO  ApacheHttpClient.sendEvent(450) - responseCode = 200
2018-01-22 02:26:44 INFO  ApacheHttpClient.getWebResourceAsStream(420) - responseCode = 200
2018-01-22 02:26:48 INFO  ApacheHttpClient.getTask(405) - responseCode = 200
2018-01-22 02:27:00 INFO  ApacheHttpClient.completed(27) - responseCode = 200
2018-01-22 02:27:01 INFO  ApacheHttpClient.getWebResourceAsStream(420) - responseCode = 200
2018-01-22 02:27:53 ERROR ApacheHttpClient.processExceptionSendEvent(103) - (super) Ошибка во время отправки ивента на сервер.
2018-01-22 02:29:20 ERROR ApacheHttpClient.processExceptionGetWebResource(98) - (super) Ошибка во время получения доступа к удаленному ресурсу https://javarush.ru/downloads/ide/plugin-descriptor.xml	Убедитесь в доступности сети и попробуйте снова. : java.util.concurrent.ExecutionException
2018-01-22 02:29:20 ERROR JavaRushUtil.isPluginNeedUpdate(439) - Ошибка во время проверки версии плагина JavaRush. : java.lang.IllegalArgumentException
2018-01-22 02:29:31 INFO  ApacheHttpClient.sendEvent(450) - responseCode = 200
2018-01-22 02:29:32 INFO  ApacheHttpClient.getTask(405) - responseCode = 200
2018-01-22 02:29:33 INFO  ApacheHttpClient.getWebResourceAsStream(420) - responseCode = 200
2018-01-22 02:29:33 INFO  ApacheHttpClient.completed(27) - responseCode = 200
2018-01-22 02:29:34 INFO  ApacheHttpClient.getTask(405) - responseCode = 200
2018-01-22 02:29:43 INFO  ApacheHttpClient.sendEvent(450) - responseCode = 200
2018-01-22 02:30:43 INFO  ApacheHttpClient.sendEvent(450) - responseCode = 200
2018-01-22 02:31:43 INFO  ApacheHttpClient.sendEvent(450) - responseCode = 200
2018-01-22 02:32:43 INFO  ApacheHttpClient.sendEvent(450) - responseCode = 200
2018-01-22 02:33:43 INFO  ApacheHttpClient.sendEvent(450) - responseCode = 200
2018-01-22 02:33:44 INFO  ApacheHttpClient.sendEvent(450) - responseCode = 200
2018-01-22 02:34:10 INFO  ApacheHttpClient.testConnection(178) - responseCode = 200
2018-01-22 02:34:10 INFO  ApacheHttpClient.testConnection(185) - result = true
2018-01-22 02:34:12 INFO  ApacheHttpClient.testConnection(178) - responseCode = 200
2018-01-22 02:34:12 INFO  ApacheHttpClient.testConnection(185) - result = true
2018-01-22 02:34:15 INFO  ApacheHttpClient.getWebResourceAsStream(420) - responseCode = 200
2018-01-22 02:34:29 INFO  ApacheHttpClient.testConnection(178) - responseCode = 200
2018-01-22 02:34:29 INFO  ApacheHttpClient.testConnection(185) - result = true
2018-01-22 02:34:44 INFO  ApacheHttpClient.sendEvent(450) - responseCode = 200
2018-01-22 02:34:44 INFO  ApacheHttpClient.sendEvent(450) - responseCode = 200
2018-01-22 02:34:51 INFO  ApacheHttpClient.testConnection(178) - responseCode = 200
2018-01-22 02:34:51 INFO  ApacheHttpClient.testConnection(185) - result = true
2018-01-22 02:34:53 INFO  ApacheHttpClient.testConnection(178) - responseCode = 200
2018-01-22 02:34:53 INFO  ApacheHttpClient.testConnection(185) - result = true
2018-01-22 02:34:59 INFO  ApacheHttpClient.getWebResourceAsStream(420) - responseCode = 200
2018-01-22 02:35:10 INFO  ApacheHttpClient.testConnection(178) - responseCode = 200
2018-01-22 02:35:10 INFO  ApacheHttpClient.testConnection(185) - result = true
2018-01-22 02:35:18 INFO  ApacheHttpClient.testConnection(178) - responseCode = 200
2018-01-22 02:35:18 INFO  ApacheHttpClient.testConnection(185) - result = true
2018-01-22 02:35:22 INFO  ApacheHttpClient.getWebResourceAsStream(420) - responseCode = 200
2018-01-22 02:35:43 INFO  ApacheHttpClient.sendEvent(450) - responseCode = 200
2018-01-22 02:35:44 INFO  ApacheHttpClient.sendEvent(450) - responseCode = 200
2018-01-22 02:36:43 INFO  ApacheHttpClient.sendEvent(450) - responseCode = 200
2018-01-22 02:36:44 INFO  ApacheHttpClient.sendEvent(450) - responseCode = 200
2018-01-22 02:37:43 INFO  ApacheHttpClient.sendEvent(450) - responseCode = 200
2018-01-22 02:37:44 INFO  ApacheHttpClient.sendEvent(450) - responseCode = 200
2018-01-22 02:38:44 INFO  ApacheHttpClient.sendEvent(450) - responseCode = 200
2018-01-22 02:38:44 INFO  ApacheHttpClient.sendEvent(450) - responseCode = 200
2018-01-22 02:39:43 INFO  ApacheHttpClient.sendEvent(450) - responseCode = 200
2018-01-22 02:40:32 INFO  ApacheHttpClient.getWebResourceAsStream(420) - responseCode = 200
2018-01-22 02:40:32 INFO  ApacheHttpClient.getFilteredTasks(307) - responseCode = 200
2018-01-22 02:40:37 INFO  ApacheHttpClient.getTaskTemplateInfo(324) - responseCode = 200
2018-01-22 02:40:39 INFO  ApacheHttpClient.testConnection(178) - responseCode = 200
2018-01-22 02:40:39 INFO  ApacheHttpClient.testConnection(185) - result = true
2018-01-22 02:40:40 INFO  ApacheHttpClient.testConnection(178) - responseCode = 200
2018-01-22 02:40:40 INFO  ApacheHttpClient.testConnection(185) - result = true
2018-01-22 02:40:41 INFO  ApacheHttpClient.getWebResourceAsStream(420) - responseCode = 200
2018-01-22 02:40:43 INFO  ApacheHttpClient.sendEvent(450) - responseCode = 200
2018-01-22 02:41:43 INFO  ApacheHttpClient.sendEvent(450) - responseCode = 200
2018-01-22 02:42:44 INFO  ApacheHttpClient.sendEvent(450) - responseCode = 200
